
[Log Entry 0]
Type=0
EntryText=In questa missione addestrativa dovrai ingaggiare un combattimento con un convoglio nemico.

[Log Entry 1]
Type=0
EntryText=Il nemico ti attaccherà. Sfrutta al massimo il potenziale del tuo Sommergibile.

[Log Entry 2]
Type=0
EntryText=Situazione

[Log Entry 3]
Type=0
EntryText=Il convoglio farà rotta per NNE.

[Log Entry 4]
Type=0
EntryText=Inizi in una posizione favorevole all'attacco. a SE della posizione corrente del convoglio. Il sole sta tramontando.

[Log Entry 5]
Type=0
EntryText=Tattica raccomandata:

[Log Entry 6]
Type=0
EntryText=Restare in immersione e tenere una rotta per NO, perpendicolare alla rotta stimata del convoglio.

[Log Entry 7]
Type=0
EntryText=Avvicinarsi al convoglio a Motori Avanti Piano per evitare di essere rilevati dalla scorta.

[Log Entry 8]
Type=0
EntryText=Le migliori opportunità di attaccare con i siluri sono:

[Log Entry 9]
Type=0
EntryText=Distanza entro i 1000m dall'obiettivo.

[Log Entry 10]
Type=0
EntryText=Mantenere una rotta stabile.

[Log Entry 11]
Type=0
EntryText=Attaccare gli obiettivi tenendoli al traverso.

[Log Entry 12]
Type=0
EntryText=Attaccare per primi i mercantili.

[Log Entry 13]
Type=0
EntryText=Non tenere il periscopio fuori dall'acqua per lunghi periodi.

[Log Entry 14]
Type=0
EntryText=Il nemico inizierà manovre evasive non appena la prima nave sarà colpita. Sfrutta il fattore sorpresa attaccando più navi contemporaneamente con il primo attacco. 

[Log Entry 15]
Type=0
EntryText=Se sei in una buona posizione per attaccare, fallo rapidamente. Potresti non avere una seconda opportunità.

[Log Entry 16]
Type=0
EntryText=Manovra in modo da raggiungere una buona posizione di attacco, mentre il tuo equipaggio ricarica i siluri.

[Log Entry 17]
Type=0
EntryText=Se danneggi una nave senza affondarla. Lancia un secondo siluro per assicurarti l'affondamento.

[Log Entry 18]
Type=0
EntryText=In questo esercizio conterà solamente il numero di navi affondate.

[Log Entry 19]
Type=0
EntryText=Combatti contro la scorta.

[Log Entry 20]
Type=0
EntryText=Il vantaggio principale dei Sommergibili è di stare in immersione evitando di essere rilevati.

[Log Entry 21]
Type=0
EntryText=Il peggior svantaggio per i Sommergibili è la ridotta velocità quando sono in immersione.

[Log Entry 22]
Type=0
EntryText=Gli idrofoni in dotazione alle scorte hanno un raggio d'azione limitato. Evitando di avvicinarsi troppo aiuterà a rimanere nascosti.

[Log Entry 23]
Type=0
EntryText=Un punto debole delle scorte, nella ricerca dei Sommergibili, è dietro di loro, poiché i loro idrofoni vengono disturbati, a poppa, dal rumore delle loro eliche. Se sarete in una posizione del genere, potrete muovervi velocemente senza rischiare di essere rilevati. Se verrete rilevati immergetevi ad una profondità di sicurezza di almeno 50 metri.

[Log Entry 24]
Type=0
EntryText=Quando una nave scorta lancia le Cdp, dovreste aumentare la velocità al massimo e virare a tutta barra a dritta o a sinistra. Dopo avere evitato un attacco, tornate con i motori a bassi giri, per evitare di essere rilevati nuovamente.

[Log Entry 25]
Type=0
EntryText=Se dopo il primo attacco saranno presenti ancora dei mercantili, cercate una nuova posizione favorevole per ripetere l'attacco. Non sprecate siluri cercando di affondare le navi scorta che vi cercano. Cambiano direzione e velocità molto rapidamente, rendendo estremamente difficoltoso il loro affondamento.

[PageImg]
Nb=8
Mat0=
Crop0=
Mat1=
Crop1=
Mat2=
Crop2=
Mat3=
Crop3=
Mat4=
Crop4=
Mat5=
Crop5=
Mat6=
Crop6=
Mat7=
Crop7=

